login
user/add
user/insert
user/10
user/10
test
test
users
users
login
tiezi/index
tiezi/index
tiezi/index
tiezi/create
tiezi/index
tiezi
cookie
cookie
cookie
cookie
cookie
cookie
flash
flash
get-flash
get-flash
/
login
page-1
page-1
page-2
page-2
page-2
page-2
control
control
control
control
control
control
control
control
control
control
control
control
control
control
control
control
control
select
trans
trans
trans
trans
trans
trans
trans
trans
trans
trans
trans
trans
trans
trans
trans
trans
trans
trans
trans
trans
trans
trans
trans
trans
trans
trans
trans
trans
trans
trans
trans
trans
trans
trans
trans
trans
trans
charu
charu
charu
charu
charu
charu
duo
duo
duo
duo
duo
/
login
/
login
join
